[lun. 29 oct. 2012 23:20:49 CET] Caille: J'admire : l'interface utilisateur de mon gnome3 (interface graphique pour ubuntu que je teste depuis 1 semaine) est écrite en CSS.
je suis archi fan !
[lun. 29 oct. 2012 23:23:06 CET] Fofo: Tu as un portable ?
[lun. 29 oct. 2012 23:23:19 CET] Caille: on a un netbook avec Rémi
[lun. 29 oct. 2012 23:23:29 CET] Caille: Mais sinon, j'ai une belle tour
[lun. 29 oct. 2012 23:23:37 CET] Caille: (depuis que mon mac à planté)
[lun. 29 oct. 2012 23:23:43 CET] Fofo: ok
[lun. 05 nov. 2012 22:43:49 CET] Caille: Nous ne sommes pas de ceux qui veulent les masquer sous des parfums artificiels
[lun. 05 nov. 2012 22:45:02 CET] Fofo: voilà
[lun. 05 nov. 2012 22:45:57 CET] Caille: Oui, très belle soirée, 
presque peau contre peau
[lun. 05 nov. 2012 22:47:31 CET] Fofo: Tu m'arraches les idées de la tête
[lun. 05 nov. 2012 22:50:36 CET] Caille: Nous avons une vie devant nous pour apprendre à connaître le corps de l'autre
[lun. 05 nov. 2012 22:51:33 CET] Caille: La perspective est belle, et justifie (avec la connaissance de nos âme) justifie bien des tourments
[lun. 05 nov. 2012 22:52:01 CET] Fofo: On a le temps
[lun. 05 nov. 2012 22:52:09 CET] Fofo: et c'est ça qui est beau
[lun. 05 nov. 2012 22:52:25 CET] Caille: (l)
[lun. 05 nov. 2012 22:54:16 CET] Caille: A demain mon amour
[lun. 05 nov. 2012 22:56:47 CET] Fofo: pareil je vais pas tarder (L)
[lun. 05 nov. 2012 22:57:02 CET] Caille: Bonne nuit très cher
[lun. 05 nov. 2012 22:57:24 CET] Fofo: Bonne nuit ma belle
